#
# There is insufficient memory for the Java Runtime Environment to continue.
# Native memory allocation (mmap) failed to map 34078720 bytes for committing reserved memory.
# Possible reasons:
#   The system is out of physical RAM or swap space
#   In 32 bit mode, the process size limit was hit
# Possible solutions:
#   Reduce memory load on the system
#   Increase physical memory or swap space
#   Check if swap backing store is full
#   Use 64 bit Java on a 64 bit OS
#   Decrease Java heap size (-Xmx/-Xms)
#   Decrease number of Java threads
#   Decrease Java thread stack sizes (-Xss)
#   Set larger code cache with -XX:ReservedCodeCacheSize=
# This output file may be truncated or incomplete.
#
#  Out of Memory Error (os_linux.cpp:2673), pid=26038, tid=139731329283840
#
# JRE version: Java(TM) SE Runtime Environment (8.0_45-b14) (build 1.8.0_45-b14)
# Java VM: Java HotSpot(TM) 64-Bit Server VM (25.45-b02 mixed mode linux-amd64 compressed oops)
# Failed to write core dump. Core dumps have been disabled. To enable core dumping, try "ulimit -c unlimited" before starting Java again
#

---------------  T H R E A D  ---------------

Current thread (0x00007f15d013f000):  VMThread [stack: 0x00007f15bc2ef000,0x00007f15bc3f0000] [id=26046]

Stack: [0x00007f15bc2ef000,0x00007f15bc3f0000],  sp=0x00007f15bc3ee230,  free space=1020k
Native frames: (J=compiled Java code, j=interpreted, Vv=VM code, C=native code)
V  [libjvm.so+0xaac99a]  VMError::report_and_die()+0x2ba
V  [libjvm.so+0x4f333b]  report_vm_out_of_memory(char const*, int, unsigned long, VMErrorType, char const*)+0x8b
V  [libjvm.so+0x90e7c3]  os::Linux::commit_memory_impl(char*, unsigned long, bool)+0x103
V  [libjvm.so+0x90ed19]  os::pd_commit_memory(char*, unsigned long, unsigned long, bool)+0x29
V  [libjvm.so+0x90867a]  os::commit_memory(char*, unsigned long, unsigned long, bool)+0x2a
V  [libjvm.so+0x97bac3]  PSVirtualSpace::expand_by(unsigned long)+0x53
V  [libjvm.so+0x96c320]  PSOldGen::expand(unsigned long)+0x170
V  [libjvm.so+0x96c52b]  PSOldGen::resize(unsigned long)+0x1cb
V  [libjvm.so+0x974241]  PSParallelCompact::invoke_no_policy(bool)+0x9d1
V  [libjvm.so+0x979bed]  PSScavenge::invoke()+0x1ad
V  [libjvm.so+0x932050]  ParallelScavengeHeap::failed_mem_allocate(unsigned long)+0x70
V  [libjvm.so+0xaae1d7]  VM_ParallelGCFailedAllocation::doit()+0x97
V  [libjvm.so+0xab59c5]  VM_Operation::evaluate()+0x55
V  [libjvm.so+0xab3d9a]  VMThread::evaluate_operation(VM_Operation*)+0xba
V  [libjvm.so+0xab411e]  VMThread::loop()+0x1ce
V  [libjvm.so+0xab4590]  VMThread::run()+0x70
V  [libjvm.so+0x910de8]  java_start(Thread*)+0x108

VM_Operation (0x00007f15d60f9690): ParallelGCFailedAllocation, mode: safepoint, requested by thread 0x00007f15d000a000


---------------  P R O C E S S  ---------------

Java Threads: ( => current thread )
  0x00007f1574019000 JavaThread "sbt-web-akka.actor.default-dispatcher-4" [_thread_blocked, id=26118, stack(0x00007f15b53e8000,0x00007f15b54e9000)]
  0x00007f15d183e800 JavaThread "sbt-web-akka.actor.default-dispatcher-3" [_thread_blocked, id=26117, stack(0x00007f15b55ea000,0x00007f15b56eb000)]
  0x00007f15d189b000 JavaThread "sbt-web-akka.actor.default-dispatcher-2" [_thread_blocked, id=26116, stack(0x00007f15b52e7000,0x00007f15b53e8000)]
  0x00007f15d1793000 JavaThread "sbt-web-scheduler-1" [_thread_blocked, id=26111, stack(0x00007f15b50e5000,0x00007f15b51e6000)]
  0x00007f15d0186800 JavaThread "Service Thread" daemon [_thread_blocked, id=26055, stack(0x00007f15b7418000,0x00007f15b7519000)]
  0x00007f15d0181800 JavaThread "C1 CompilerThread2" daemon [_thread_blocked, id=26054, stack(0x00007f15b7519000,0x00007f15b761a000)]
  0x00007f15d0180000 JavaThread "C2 CompilerThread1" daemon [_thread_blocked, id=26053, stack(0x00007f15b761a000,0x00007f15b771b000)]
  0x00007f15d017d000 JavaThread "C2 CompilerThread0" daemon [_thread_blocked, id=26052, stack(0x00007f15b771b000,0x00007f15b781c000)]
  0x00007f15d017b800 JavaThread "Signal Dispatcher" daemon [_thread_blocked, id=26051, stack(0x00007f15b781c000,0x00007f15b791d000)]
  0x00007f15d0146000 JavaThread "Finalizer" daemon [_thread_blocked, id=26048, stack(0x00007f15bc0ed000,0x00007f15bc1ee000)]
  0x00007f15d0144000 JavaThread "Reference Handler" daemon [_thread_blocked, id=26047, stack(0x00007f15bc1ee000,0x00007f15bc2ef000)]
  0x00007f15d000a000 JavaThread "main" [_thread_blocked, id=26040, stack(0x00007f15d5ffc000,0x00007f15d60fd000)]

Other Threads:
=>0x00007f15d013f000 VMThread [stack: 0x00007f15bc2ef000,0x00007f15bc3f0000] [id=26046]
  0x00007f15d0189800 WatcherThread [stack: 0x00007f15b7317000,0x00007f15b7418000] [id=26056]

VM state:at safepoint (normal execution)

VM Mutex/Monitor currently owned by a thread:  ([mutex/lock_event])
[0x00007f15d0005bc0] ExpandHeap_lock - owner thread: 0x00007f15d013f000
[0x00007f15d0006240] Threads_lock - owner thread: 0x00007f15d013f000
[0x00007f15d0006740] Heap_lock - owner thread: 0x00007f15d000a000

Heap:
 PSYoungGen      total 115712K, used 0K [0x00000000f0000000, 0x00000000f8780000, 0x0000000100000000)
  eden space 106496K, 0% used [0x00000000f0000000,0x00000000f0000000,0x00000000f6800000)
  from space 9216K, 0% used [0x00000000f7580000,0x00000000f7580000,0x00000000f7e80000)
  to   space 13824K, 0% used [0x00000000f6800000,0x00000000f6800000,0x00000000f7580000)
 ParOldGen       total 41472K, used 33894K [0x00000000d0000000, 0x00000000d2880000, 0x00000000f0000000)
  object space 41472K, 81% used [0x00000000d0000000,0x00000000d2119be0,0x00000000d2880000)
 Metaspace       used 54164K, capacity 54398K, committed 54784K, reserved 1093632K
  class space    used 10129K, capacity 10196K, committed 10240K, reserved 1048576K

Card table byte_map: [0x00007f15bfc2d000,0x00007f15bfdae000] byte_map_base: 0x00007f15bf5ad000

Marking Bits: (ParMarkBitMap*) 0x00007f15d54df760
 Begin Bits: [0x00007f15bdf29000, 0x00007f15beb29000)
 End Bits:   [0x00007f15beb29000, 0x00007f15bf729000)

Polling page: 0x00007f15d611e000

CodeCache: size=245760Kb used=20359Kb max_used=20377Kb free=225400Kb
 bounds [0x00007f15c016e000, 0x00007f15c157e000, 0x00007f15cf16e000]
 total_blobs=7340 nmethods=6890 adapters=361
 compilation: enabled

Compilation events (10 events):
Event: 158.060 Thread 0x00007f15d017d000 nmethod 8331 0x00007f15c156bf90 code [0x00007f15c156c100, 0x00007f15c156c268]
Event: 158.060 Thread 0x00007f15d017d000 8332       4       scala.reflect.io.FileZipArchive$FileEntry$1::<init> (37 bytes)
Event: 158.062 Thread 0x00007f15d017d000 nmethod 8332 0x00007f15c1562210 code [0x00007f15c1562360, 0x00007f15c15624a8]
Event: 158.121 Thread 0x00007f15d0181800 8336       3       scala.collection.mutable.HashMap$::empty (5 bytes)
Event: 158.121 Thread 0x00007f15d0181800 nmethod 8336 0x00007f15c156dbd0 code [0x00007f15c156dd80, 0x00007f15c156e308]
Event: 158.122 Thread 0x00007f15d0181800 8337       3       scala.collection.mutable.HashMap$::empty (8 bytes)
Event: 158.122 Thread 0x00007f15d0181800 nmethod 8337 0x00007f15c1563710 code [0x00007f15c15638c0, 0x00007f15c1563d68]
Event: 158.127 Thread 0x00007f15d017d000 8338 %     4       scala.collection.mutable.HashTable$class::resize @ 35 (152 bytes)
Event: 158.141 Thread 0x00007f15d017d000 nmethod 8338% 0x00007f15c15734d0 code [0x00007f15c15736a0, 0x00007f15c1573d28]
Event: 158.208 Thread 0x00007f15d0180000 nmethod 8319 0x00007f15c1577790 code [0x00007f15c15779e0, 0x00007f15c1579608]

GC Heap History (10 events):
Event: 76.448 GC heap after
Heap after GC invocations=36 (full 2):
 PSYoungGen      total 91648K, used 1328K [0x00000000f0000000, 0x00000000f6280000, 0x0000000100000000)
  eden space 83456K, 0% used [0x00000000f0000000,0x00000000f0000000,0x00000000f5180000)
  from space 8192K, 16% used [0x00000000f5a80000,0x00000000f5bcc060,0x00000000f6280000)
  to   space 8704K, 0% used [0x00000000f5180000,0x00000000f5180000,0x00000000f5a00000)
 ParOldGen       total 39936K, used 25845K [0x00000000d0000000, 0x00000000d2700000, 0x00000000f0000000)
  object space 39936K, 64% used [0x00000000d0000000,0x00000000d193d520,0x00000000d2700000)
 Metaspace       used 44068K, capacity 44316K, committed 44544K, reserved 1085440K
  class space    used 7814K, capacity 7879K, committed 7936K, reserved 1048576K
}
Event: 89.930 GC heap before
{Heap before GC invocations=37 (full 2):
 PSYoungGen      total 91648K, used 84784K [0x00000000f0000000, 0x00000000f6280000, 0x0000000100000000)
  eden space 83456K, 100% used [0x00000000f0000000,0x00000000f5180000,0x00000000f5180000)
  from space 8192K, 16% used [0x00000000f5a80000,0x00000000f5bcc060,0x00000000f6280000)
  to   space 8704K, 0% used [0x00000000f5180000,0x00000000f5180000,0x00000000f5a00000)
 ParOldGen       total 39936K, used 25845K [0x00000000d0000000, 0x00000000d2700000, 0x00000000f0000000)
  object space 39936K, 64% used [0x00000000d0000000,0x00000000d193d520,0x00000000d2700000)
 Metaspace       used 46075K, capacity 46242K, committed 46592K, reserved 1087488K
  class space    used 8332K, capacity 8393K, committed 8448K, reserved 1048576K
Event: 90.546 GC heap after
Heap after GC invocations=37 (full 2):
 PSYoungGen      total 92160K, used 5679K [0x00000000f0000000, 0x00000000f7180000, 0x0000000100000000)
  eden space 83456K, 0% used [0x00000000f0000000,0x00000000f0000000,0x00000000f5180000)
  from space 8704K, 65% used [0x00000000f5180000,0x00000000f570bff8,0x00000000f5a00000)
  to   space 9216K, 0% used [0x00000000f6880000,0x00000000f6880000,0x00000000f7180000)
 ParOldGen       total 39936K, used 26934K [0x00000000d0000000, 0x00000000d2700000, 0x00000000f0000000)
  object space 39936K, 67% used [0x00000000d0000000,0x00000000d1a4da78,0x00000000d2700000)
 Metaspace       used 46075K, capacity 46242K, committed 46592K, reserved 1087488K
  class space    used 8332K, capacity 8393K, committed 8448K, reserved 1048576K
}
Event: 105.079 GC heap before
{Heap before GC invocations=38 (full 2):
 PSYoungGen      total 92160K, used 89135K [0x00000000f0000000, 0x00000000f7180000, 0x0000000100000000)
  eden space 83456K, 100% used [0x00000000f0000000,0x00000000f5180000,0x00000000f5180000)
  from space 8704K, 65% used [0x00000000f5180000,0x00000000f570bff8,0x00000000f5a00000)
  to   space 9216K, 0% used [0x00000000f6880000,0x00000000f6880000,0x00000000f7180000)
 ParOldGen       total 39936K, used 26934K [0x00000000d0000000, 0x00000000d2700000, 0x00000000f0000000)
  object space 39936K, 67% used [0x00000000d0000000,0x00000000d1a4da78,0x00000000d2700000)
 Metaspace       used 49235K, capacity 49536K, committed 49664K, reserved 1089536K
  class space    used 9134K, capacity 9214K, committed 9216K, reserved 1048576K
Event: 105.155 GC heap after
Heap after GC invocations=38 (full 2):
 PSYoungGen      total 104960K, used 4998K [0x00000000f0000000, 0x00000000f7080000, 0x0000000100000000)
  eden space 96768K, 0% used [0x00000000f0000000,0x00000000f0000000,0x00000000f5e80000)
  from space 8192K, 61% used [0x00000000f6880000,0x00000000f6d61a90,0x00000000f7080000)
  to   space 9216K, 0% used [0x00000000f5e80000,0x00000000f5e80000,0x00000000f6780000)
 ParOldGen       total 39936K, used 30734K [0x00000000d0000000, 0x00000000d2700000, 0x00000000f0000000)
  object space 39936K, 76% used [0x00000000d0000000,0x00000000d1e03b58,0x00000000d2700000)
 Metaspace       used 49235K, capacity 49536K, committed 49664K, reserved 1089536K
  class space    used 9134K, capacity 9214K, committed 9216K, reserved 1048576K
}
Event: 109.395 GC heap before
{Heap before GC invocations=39 (full 2):
 PSYoungGen      total 104960K, used 101766K [0x00000000f0000000, 0x00000000f7080000, 0x0000000100000000)
  eden space 96768K, 100% used [0x00000000f0000000,0x00000000f5e80000,0x00000000f5e80000)
  from space 8192K, 61% used [0x00000000f6880000,0x00000000f6d61a90,0x00000000f7080000)
  to   space 9216K, 0% used [0x00000000f5e80000,0x00000000f5e80000,0x00000000f6780000)
 ParOldGen       total 39936K, used 30734K [0x00000000d0000000, 0x00000000d2700000, 0x00000000f0000000)
  object space 39936K, 76% used [0x00000000d0000000,0x00000000d1e03b58,0x00000000d2700000)
 Metaspace       used 50007K, capacity 50336K, committed 50432K, reserved 1089536K
  class space    used 9365K, capacity 9438K, committed 9472K, reserved 1048576K
Event: 109.418 GC heap after
Heap after GC invocations=39 (full 2):
 PSYoungGen      total 105984K, used 4448K [0x00000000f0000000, 0x00000000f7e80000, 0x0000000100000000)
  eden space 96768K, 0% used [0x00000000f0000000,0x00000000f0000000,0x00000000f5e80000)
  from space 9216K, 48% used [0x00000000f5e80000,0x00000000f62d8000,0x00000000f6780000)
  to   space 9216K, 0% used [0x00000000f7580000,0x00000000f7580000,0x00000000f7e80000)
 ParOldGen       total 39936K, used 32742K [0x00000000d0000000, 0x00000000d2700000, 0x00000000f0000000)
  object space 39936K, 81% used [0x00000000d0000000,0x00000000d1ff9a80,0x00000000d2700000)
 Metaspace       used 50007K, capacity 50336K, committed 50432K, reserved 1089536K
  class space    used 9365K, capacity 9438K, committed 9472K, reserved 1048576K
}
Event: 158.271 GC heap before
{Heap before GC invocations=40 (full 2):
 PSYoungGen      total 105984K, used 101216K [0x00000000f0000000, 0x00000000f7e80000, 0x0000000100000000)
  eden space 96768K, 100% used [0x00000000f0000000,0x00000000f5e80000,0x00000000f5e80000)
  from space 9216K, 48% used [0x00000000f5e80000,0x00000000f62d8000,0x00000000f6780000)
  to   space 9216K, 0% used [0x00000000f7580000,0x00000000f7580000,0x00000000f7e80000)
 ParOldGen       total 39936K, used 32742K [0x00000000d0000000, 0x00000000d2700000, 0x00000000f0000000)
  object space 39936K, 81% used [0x00000000d0000000,0x00000000d1ff9a80,0x00000000d2700000)
 Metaspace       used 54217K, capacity 54496K, committed 54784K, reserved 1093632K
  class space    used 10138K, capacity 10206K, committed 10240K, reserved 1048576K
Event: 158.794 GC heap after
Heap after GC invocations=40 (full 2):
 PSYoungGen      total 115712K, used 9184K [0x00000000f0000000, 0x00000000f8780000, 0x0000000100000000)
  eden space 106496K, 0% used [0x00000000f0000000,0x00000000f0000000,0x00000000f6800000)
  from space 9216K, 99% used [0x00000000f7580000,0x00000000f7e78060,0x00000000f7e80000)
  to   space 13824K, 0% used [0x00000000f6800000,0x00000000f6800000,0x00000000f7580000)
 ParOldGen       total 41472K, used 41003K [0x00000000d0000000, 0x00000000d2880000, 0x00000000f0000000)
  object space 41472K, 98% used [0x00000000d0000000,0x00000000d280aea0,0x00000000d2880000)
 Metaspace       used 54217K, capacity 54496K, committed 54784K, reserved 1093632K
  class space    used 10138K, capacity 10206K, committed 10240K, reserved 1048576K
}
Event: 158.794 GC heap before
{Heap before GC invocations=41 (full 3):
 PSYoungGen      total 115712K, used 9184K [0x00000000f0000000, 0x00000000f8780000, 0x0000000100000000)
  eden space 106496K, 0% used [0x00000000f0000000,0x00000000f0000000,0x00000000f6800000)
  from space 9216K, 99% used [0x00000000f7580000,0x00000000f7e78060,0x00000000f7e80000)
  to   space 13824K, 0% used [0x00000000f6800000,0x00000000f6800000,0x00000000f7580000)
 ParOldGen       total 41472K, used 41003K [0x00000000d0000000, 0x00000000d2880000, 0x00000000f0000000)
  object space 41472K, 98% used [0x00000000d0000000,0x00000000d280aea0,0x00000000d2880000)
 Metaspace       used 54217K, capacity 54496K, committed 54784K, reserved 1093632K
  class space    used 10138K, capacity 10206K, committed 10240K, reserved 1048576K

Deoptimization events (10 events):
Event: 156.621 Thread 0x00007f15d000a000 Uncommon trap: reason=bimorphic action=maybe_recompile pc=0x00007f15c080dacc method=scala.reflect.internal.StdAttachments$Attachable$class.$init$(Lscala/reflect/internal/StdAttachments$Attachable;)V @ 10
Event: 156.621 Thread 0x00007f15d000a000 Uncommon trap: reason=bimorphic action=maybe_recompile pc=0x00007f15c080dacc method=scala.reflect.internal.StdAttachments$Attachable$class.$init$(Lscala/reflect/internal/StdAttachments$Attachable;)V @ 10
Event: 157.380 Thread 0x00007f15d000a000 Uncommon trap: reason=class_check action=maybe_recompile pc=0x00007f15c0eec3d0 method=java.util.Collections$UnmodifiableMap.get(Ljava/lang/Object;)Ljava/lang/Object; @ 5
Event: 157.393 Thread 0x00007f15d000a000 Uncommon trap: reason=bimorphic action=maybe_recompile pc=0x00007f15c080dacc method=scala.reflect.internal.StdAttachments$Attachable$class.$init$(Lscala/reflect/internal/StdAttachments$Attachable;)V @ 10
Event: 157.393 Thread 0x00007f15d000a000 Uncommon trap: reason=bimorphic action=maybe_recompile pc=0x00007f15c0dc0cc8 method=scala.reflect.internal.StdAttachments$Attachable$class.$init$(Lscala/reflect/internal/StdAttachments$Attachable;)V @ 10
Event: 157.393 Thread 0x00007f15d000a000 Uncommon trap: reason=bimorphic action=maybe_recompile pc=0x00007f15c06c08cc method=scala.reflect.internal.Symbols$Symbol.hasFlag(J)Z @ 4
Event: 157.393 Thread 0x00007f15d000a000 Uncommon trap: reason=bimorphic action=maybe_recompile pc=0x00007f15c080dacc method=scala.reflect.internal.StdAttachments$Attachable$class.$init$(Lscala/reflect/internal/StdAttachments$Attachable;)V @ 10
Event: 157.393 Thread 0x00007f15d000a000 Uncommon trap: reason=bimorphic action=maybe_recompile pc=0x00007f15c06c08cc method=scala.reflect.internal.Symbols$Symbol.hasFlag(J)Z @ 4
Event: 157.393 Thread 0x00007f15d000a000 Uncommon trap: reason=bimorphic action=maybe_recompile pc=0x00007f15c0ec71fc method=scala.reflect.internal.Symbols$Symbol.info()Lscala/reflect/internal/Types$Type; @ 209
Event: 157.558 Thread 0x00007f15d000a000 Uncommon trap: reason=bimorphic action=maybe_recompile pc=0x00007f15c06d32cc method=scala.reflect.internal.Symbols$Symbol.unlock()V @ 33

Internal exceptions (10 events):
Event: 74.297 Thread 0x00007f15d0e20800 Implicit null exception at 0x00007f15c10c991f to 0x00007f15c10caf4d
Event: 81.653 Thread 0x00007f15d0e1e800 Exception <a 'java/io/FileNotFoundException'> (0x00000000f472bc00) thrown at [/RE-WORK/workspace/8-2-build-linux-amd64/jdk8u45/3457/hotspot/src/share/vm/prims/jni.cpp, line 709]
Event: 96.898 Thread 0x00007f15d000a000 Exception <a 'java/security/PrivilegedActionException'> (0x00000000f0dd11d8) thrown at [/RE-WORK/workspace/8-2-build-linux-amd64/jdk8u45/3457/hotspot/src/share/vm/prims/jvm.cpp, line 1382]
Event: 96.899 Thread 0x00007f15d000a000 Exception <a 'java/security/PrivilegedActionException'> (0x00000000f0dd1840) thrown at [/RE-WORK/workspace/8-2-build-linux-amd64/jdk8u45/3457/hotspot/src/share/vm/prims/jvm.cpp, line 1382]
Event: 98.663 Thread 0x00007f15d000a000 Exception <a 'java/lang/ArrayIndexOutOfBoundsException': 22> (0x00000000f252b070) thrown at [/RE-WORK/workspace/8-2-build-linux-amd64/jdk8u45/3457/hotspot/src/share/vm/interpreter/interpreterRuntime.cpp, line 366]
Event: 98.690 Thread 0x00007f15d000a000 Exception <a 'java/lang/ArrayIndexOutOfBoundsException': 91> (0x00000000f2614bb8) thrown at [/RE-WORK/workspace/8-2-build-linux-amd64/jdk8u45/3457/hotspot/src/share/vm/interpreter/interpreterRuntime.cpp, line 366]
Event: 98.695 Thread 0x00007f15d000a000 Exception <a 'java/lang/ArrayIndexOutOfBoundsException': 6> (0x00000000f2632e38) thrown at [/RE-WORK/workspace/8-2-build-linux-amd64/jdk8u45/3457/hotspot/src/share/vm/interpreter/interpreterRuntime.cpp, line 366]
Event: 147.850 Thread 0x00007f15d000a000 Exception <a 'java/lang/ArrayIndexOutOfBoundsException'> (0x00000000f25afd20) thrown at [/RE-WORK/workspace/8-2-build-linux-amd64/jdk8u45/3457/hotspot/src/share/vm/runtime/sharedRuntime.cpp, line 605]
Event: 147.851 Thread 0x00007f15d000a000 Exception <a 'java/lang/ArrayIndexOutOfBoundsException'> (0x00000000f25b0da8) thrown at [/RE-WORK/workspace/8-2-build-linux-amd64/jdk8u45/3457/hotspot/src/share/vm/runtime/sharedRuntime.cpp, line 605]
Event: 149.712 Thread 0x00007f15d000a000 Exception <a 'java/lang/ArrayIndexOutOfBoundsException'> (0x00000000f27ecaa0) thrown at [/RE-WORK/workspace/8-2-build-linux-amd64/jdk8u45/3457/hotspot/src/share/vm/runtime/sharedRuntime.cpp, line 605]

Events (10 events):
Event: 157.393 Thread 0x00007f15d000a000 Uncommon trap: trap_request=0xffffffc6 fr.pc=0x00007f15c06c08cc
Event: 157.393 Thread 0x00007f15d000a000 DEOPT PACKING pc=0x00007f15c06c08cc sp=0x00007f15d60f9cb0
Event: 157.393 Thread 0x00007f15d000a000 DEOPT UNPACKING pc=0x00007f15c0173229 sp=0x00007f15d60f9c80 mode 2
Event: 157.393 Thread 0x00007f15d000a000 Uncommon trap: trap_request=0xffffffc6 fr.pc=0x00007f15c0ec71fc
Event: 157.393 Thread 0x00007f15d000a000 DEOPT PACKING pc=0x00007f15c0ec71fc sp=0x00007f15d60f9f90
Event: 157.393 Thread 0x00007f15d000a000 DEOPT UNPACKING pc=0x00007f15c0173229 sp=0x00007f15d60f9f18 mode 2
Event: 157.558 Thread 0x00007f15d000a000 Uncommon trap: trap_request=0xffffffc6 fr.pc=0x00007f15c06d32cc
Event: 157.558 Thread 0x00007f15d000a000 DEOPT PACKING pc=0x00007f15c06d32cc sp=0x00007f15d60f9d30
Event: 157.558 Thread 0x00007f15d000a000 DEOPT UNPACKING pc=0x00007f15c0173229 sp=0x00007f15d60f9cb0 mode 2
Event: 158.239 Executing VM operation: ParallelGCFailedAllocation


Dynamic libraries:
00400000-00401000 r-xp 00000000 08:04 2650954                            /usr/lib/jvm/java-8-oracle/bin/java
00600000-00601000 rw-p 00000000 08:04 2650954                            /usr/lib/jvm/java-8-oracle/bin/java
01b07000-01b28000 rw-p 00000000 00:00 0                                  [heap]
d0000000-d2880000 rw-p 00000000 00:00 0 
d4900000-f0000000 ---p 00000000 00:00 0 
f0000000-f8780000 rw-p 00000000 00:00 0 
f8780000-100000000 ---p 00000000 00:00 0 
100000000-100a00000 rw-p 00000000 00:00 0 
100a00000-140000000 ---p 00000000 00:00 0 
7f1560000000-7f156029c000 rw-p 00000000 00:00 0 
7f156029c000-7f1564000000 ---p 00000000 00:00 0 
7f1568000000-7f15680af000 rw-p 00000000 00:00 0 
7f15680af000-7f156c000000 ---p 00000000 00:00 0 
7f156c000000-7f156c021000 rw-p 00000000 00:00 0 
7f156c021000-7f1570000000 ---p 00000000 00:00 0 
7f1570000000-7f157003b000 rw-p 00000000 00:00 0 
7f157003b000-7f1574000000 ---p 00000000 00:00 0 
7f1574000000-7f1574033000 rw-p 00000000 00:00 0 
7f1574033000-7f1578000000 ---p 00000000 00:00 0 
7f1578000000-7f1578021000 rw-p 00000000 00:00 0 
7f1578021000-7f157c000000 ---p 00000000 00:00 0 
7f157ffe6000-7f1580000000 r--s 00107000 08:04 1979082                    /home/anthony/.IntelliJIdea14/config/plugins/Scala/launcher/sbt-launch.jar
7f1580000000-7f1580860000 rw-p 00000000 00:00 0 
7f1580860000-7f1584000000 ---p 00000000 00:00 0 
7f1584000000-7f1584021000 rw-p 00000000 00:00 0 
7f1584021000-7f1588000000 ---p 00000000 00:00 0 
7f1588000000-7f158ac04000 rw-p 00000000 00:00 0 
7f158ac04000-7f158c000000 ---p 00000000 00:00 0 
7f158c000000-7f158e7f5000 rw-p 00000000 00:00 0 
7f158e7f5000-7f1590000000 ---p 00000000 00:00 0 
7f1590000000-7f1590021000 rw-p 00000000 00:00 0 
7f1590021000-7f1594000000 ---p 00000000 00:00 0 
7f1594000000-7f1594021000 rw-p 00000000 00:00 0 
7f1594021000-7f1598000000 ---p 00000000 00:00 0 
7f1598000000-7f1598289000 rw-p 00000000 00:00 0 
7f1598289000-7f159c000000 ---p 00000000 00:00 0 
7f159c000000-7f159c021000 rw-p 00000000 00:00 0 
7f159c021000-7f15a0000000 ---p 00000000 00:00 0 
7f15a0000000-7f15a0021000 rw-p 00000000 00:00 0 
7f15a0021000-7f15a4000000 ---p 00000000 00:00 0 
7f15a8000000-7f15a8021000 rw-p 00000000 00:00 0 
7f15a8021000-7f15ac000000 ---p 00000000 00:00 0 
7f15ac000000-7f15ac42f000 rw-p 00000000 00:00 0 
7f15ac42f000-7f15b0000000 ---p 00000000 00:00 0 
7f15b0000000-7f15b0021000 rw-p 00000000 00:00 0 
7f15b0021000-7f15b4000000 ---p 00000000 00:00 0 
7f15b400e000-7f15b418f000 rw-p 00000000 00:00 0 
7f15b418f000-7f15b420f000 ---p 00000000 00:00 0 
7f15b420f000-7f15b440f000 rw-p 00000000 00:00 0 
7f15b440f000-7f15b4410000 r--s 00001000 08:04 2242943                    /home/anthony/.ivy2/cache/com.typesafe.play/play-enhancer/jars/play-enhancer-1.1.0.jar
7f15b4410000-7f15b4412000 r--s 00005000 08:04 2654546                    /home/anthony/.ivy2/cache/scala_2.10/sbt_0.13/com.typesafe.sbt/sbt-play-enhancer/jars/sbt-play-enhancer-1.1.0.jar
7f15b4412000-7f15b4414000 r--s 00000000 08:04 2785184                    /home/anthony/.ivy2/cache/org.webjars/debug/jars/debug-0.7.4.jar
7f15b4414000-7f15b4417000 r--s 0000c000 08:04 2785182                    /home/anthony/.ivy2/cache/org.webjars/mocha/jars/mocha-1.17.1.jar
7f15b4417000-7f15b441c000 r--s 00026000 08:04 2790083                    /home/anthony/.ivy2/cache/scala_2.10/sbt_0.13/com.typesafe.sbt/sbt-mocha/jars/sbt-mocha-1.1.0.jar
7f15b441c000-7f15b461c000 rw-p 00000000 00:00 0 
7f15b461c000-7f15b461f000 r--s 00011000 08:04 2790082                    /home/anthony/.ivy2/cache/scala_2.10/sbt_0.13/com.typesafe.sbt/sbt-digest/jars/sbt-digest-1.1.0.jar
7f15b461f000-7f15b4621000 r--s 00035000 08:04 2790097                    /home/anthony/.ivy2/cache/org.webjars/rjs/jars/rjs-2.1.15.jar
7f15b4621000-7f15b4624000 r--s 0000f000 08:04 2790081                    /home/anthony/.ivy2/cache/scala_2.10/sbt_0.13/com.typesafe.sbt/sbt-rjs/jars/sbt-rjs-1.0.7.jar
7f15b4624000-7f15b4626000 r--s 00000000 08:04 3040598                    /home/anthony/.ivy2/cache/org.webjars/strip-json-comments/jars/strip-json-comments-1.0.2-1.jar
7f15b4626000-7f15b4628000 r--s 00000000 08:04 2785178                    /home/anthony/.ivy2/cache/org.webjars/console-browserify/jars/console-browserify-0.1.6-1.jar
7f15b4628000-7f15b462a000 r--s 00006000 08:04 2785176                    /home/anthony/.ivy2/cache/org.webjars/underscorejs/jars/underscorejs-1.5.2-2.jar
7f15b462a000-7f15b462c000 r--s 00028000 08:04 2790096                    /home/anthony/.ivy2/cache/org.webjars/jshint-node/jars/jshint-node-2.4.3.jar
7f15b462c000-7f15b462d000 r--s 00004000 08:04 2790080                    /home/anthony/.ivy2/cache/scala_2.10/sbt_0.13/com.typesafe.sbt/sbt-jshint/jars/sbt-jshint-1.0.3.jar
7f15b462d000-7f15b4630000 r--s 00009000 08:04 1191330                    /opt/activator-1.3.2/repository/org.webjars/clean-css/2.2.7/jars/clean-css.jar
7f15b4630000-7f15b4631000 r--s 00001000 08:04 2785172                    /home/anthony/.ivy2/cache/org.webjars/amdefine/jars/amdefine-0.1.0-1.jar
7f15b4631000-7f15b4632000 r--s 00005000 08:04 2785170                    /home/anthony/.ivy2/cache/org.webjars/source-map/jars/source-map-0.1.31-2.jar
7f15b4632000-7f15b4634000 r--s 00019000 08:04 1191144                    /opt/activator-1.3.2/repository/org.webjars/less-node/1.7.5/jars/less-node.jar
7f15b4634000-7f15b4636000 r--s 00008000 08:04 2790079                    /home/anthony/.ivy2/cache/scala_2.10/sbt_0.13/com.typesafe.sbt/sbt-less/jars/sbt-less-1.0.6.jar
7f15b4636000-7f15b4638000 r--s 00000000 08:04 2393850                    /home/anthony/.ivy2/cache/org.webjars/mkdirp/jars/mkdirp-0.3.5.jar
7f15b4638000-7f15b463a000 r--s 00013000 08:04 2239189                    /home/anthony/.ivy2/cache/org.webjars/coffee-script-node/jars/coffee-script-node-1.7.1.jar
7f15b463a000-7f15b463c000 r--s 00003000 08:04 2785006                    /home/anthony/.ivy2/cache/scala_2.10/sbt_0.13/com.typesafe.sbt/sbt-coffeescript/jars/sbt-coffeescript-1.0.0.jar
7f15b463c000-7f15b468c000 r--s 0028c000 08:04 2242940                    /home/anthony/.ivy2/cache/org.webjars/npm/jars/npm-2.11.2.jar
7f15b468c000-7f15b468d000 r--s 00001000 08:04 2242935                    /home/anthony/.ivy2/cache/com.typesafe/npm_2.10/jars/npm_2.10-1.1.1.jar
7f15b468d000-7f15b468e000 r--s 00007000 08:04 1853781                    /home/anthony/.ivy2/cache/org.slf4j/slf4j-api/jars/slf4j-api-1.7.12.jar
7f15b468e000-7f15b468f000 r--s 00002000 08:04 2242941                    /home/anthony/.ivy2/cache/org.slf4j/slf4j-simple/jars/slf4j-simple-1.7.12.jar
7f15b468f000-7f15b4693000 r--s 00043000 08:04 1983739                    /home/anthony/.ivy2/cache/io.spray/spray-json_2.10/bundles/spray-json_2.10-1.3.2.jar
7f15b4693000-7f15b4697000 r--s 000ac000 08:04 2790095                    /home/anthony/.ivy2/cache/io.apigee.trireme/trireme-node10src/jars/trireme-node10src-0.8.5.jar
7f15b4697000-7f15b46a4000 r--s 0010f000 08:04 3040610                    /home/anthony/.ivy2/cache/io.apigee/rhino/jars/rhino-1.7R5pre4.jar
7f15b46a4000-7f15b46ac000 r--s 00060000 08:04 2790094                    /home/anthony/.ivy2/cache/io.apigee.trireme/trireme-core/jars/trireme-core-0.8.5.jar
7f15b46ac000-7f15b46ad000 r--s 0001e000 08:04 2785140                    /home/anthony/.ivy2/cache/org.fusesource.leveldbjni/leveldbjni-win64/jars/leveldbjni-win64-1.5.jar
7f15b46ad000-7f15b46ae000 r--s 0001b000 08:04 2785138                    /home/anthony/.ivy2/cache/org.fusesource.leveldbjni/leveldbjni-win32/jars/leveldbjni-win32-1.5.jar
7f15b46ae000-7f15b46af000 r--s 00044000 08:04 2785136                    /home/anthony/.ivy2/cache/org.fusesource.leveldbjni/leveldbjni-linux64/jars/leveldbjni-linux64-1.5.jar
7f15b46af000-7f15b46b0000 r--s 00044000 08:04 2785134                    /home/anthony/.ivy2/cache/org.fusesource.leveldbjni/leveldbjni-linux32/jars/leveldbjni-linux32-1.5.jar
7f15b46b0000-7f15b46b1000 r--s 00028000 08:04 2785132                    /home/anthony/.ivy2/cache/org.fusesource.leveldbjni/leveldbjni-osx/jars/leveldbjni-osx-1.5.jar
7f15b46b1000-7f15b46b2000 r--s 00004000 08:04 2785142                    /home/anthony/.ivy2/cache/org.fusesource.hawtjni/hawtjni-runtime/jars/hawtjni-runtime-1.8.jar
7f15b46b2000-7f15b46b4000 r--s 0000c000 08:04 2785130                    /home/anthony/.ivy2/cache/org.fusesource.leveldbjni/leveldbjni/jars/leveldbjni-1.7.jar
7f15b46b4000-7f15b46b7000 r--s 000fa000 08:04 2785126                    /home/anthony/.ivy2/cache/org.fusesource.leveldbjni/leveldbjni-all/bundles/leveldbjni-all-1.7.jar
7f15b46b7000-7f15b46b9000 r--s 00001000 08:04 2785128                    /home/anthony/.ivy2/cache/org.iq80.leveldb/leveldb-api/jars/leveldb-api-0.5.jar
7f15b46b9000-7f15b46bd000 r--s 00034000 08:04 2785124                    /home/anthony/.ivy2/cache/org.iq80.leveldb/leveldb/jars/leveldb-0.5.jar
7f15b46bd000-7f15b46cb000 r--s 000bf000 08:04 1983741                    /home/anthony/.ivy2/cache/com.typesafe.akka/akka-persistence-experimental_2.10/jars/akka-persistence-experimental_2.10-2.3.11.jar
7f15b46cb000-7f15b46db000 r--s 000f7000 08:04 1983740                    /home/anthony/.ivy2/cache/com.typesafe.akka/akka-cluster_2.10/jars/akka-cluster_2.10-2.3.11.jar
7f15b46db000-7f15b46dd000 r--s 0000a000 08:04 2785122                    /home/anthony/.ivy2/cache/org.uncommons.maths/uncommons-maths/jars/uncommons-maths-1.2.2a.jar
7f15b46dd000-7f15b46e5000 r--s 0007b000 08:04 1978151                    /home/anthony/.ivy2/cache/com.google.protobuf/protobuf-java/bundles/protobuf-java-2.5.0.jar
7f15b46e5000-7f15b46fd000 r--s 00115000 08:04 1850208                    /home/anthony/.ivy2/cache/io.netty/netty/bundles/netty-3.8.0.Final.jar
7f15b46fd000-7f15b4713000 r--s 00135000 08:04 1729881                    /home/anthony/.ivy2/cache/com.typesafe.akka/akka-remote_2.10/jars/akka-remote_2.10-2.3.11.jar
7f15b4713000-7f15b4722000 r--s 000bf000 08:04 1729927                    /home/anthony/.ivy2/cache/com.typesafe.akka/akka-contrib_2.10/jars/akka-contrib_2.10-2.3.11.jar
7f15b4722000-7f15b4748000 r--s 00263000 08:04 1729925                    /home/anthony/.ivy2/cache/com.typesafe.akka/akka-actor_2.10/jars/akka-actor_2.10-2.3.11.jar
7f15b4748000-7f15b474c000 r--s 00022000 08:04 1729924                    /home/anthony/.ivy2/cache/com.typesafe/jse_2.10/jars/jse_2.10-1.1.2.jar
7f15b474c000-7f15b4750000 r--s 00020000 08:04 2790090                    /home/anthony/.ivy2/cache/scala_2.10/sbt_0.13/com.typesafe.sbt/sbt-js-engine/jars/sbt-js-engine-1.1.3.jar
7f15b4750000-7f15b4753000 r--s 0002e000 08:04 1850212                    /home/anthony/.ivy2/cache/com.fasterxml.jackson.core/jackson-core/bundles/jackson-core-2.3.3.jar
7f15b4753000-7f15b4755000 r--s 00007000 08:04 1850211                    /home/anthony/.ivy2/cache/com.fasterxml.jackson.core/jackson-annotations/bundles/jackson-annotations-2.3.0.jar
7f15b4755000-7f15b4766000 r--s 000cf000 08:04 1850210                    /home/anthony/.ivy2/cache/com.fasterxml.jackson.core/jackson-databind/bundles/jackson-databind-2.3.3.jar
7f15b4766000-7f15b476d000 r--s 00056000 08:04 1729923                    /home/anthony/.ivy2/cache/org.apache.commons/commons-compress/jars/commons-compress-1.9.jar
7f15b476d000-7f15b476e000 r--s 00006000 08:04 3040595                    /home/anthony/.ivy2/cache/org.webjars/webjars-locator-core/jars/webjars-locator-core-0.25.jar
7f15b476e000-7f15b476f000 r--s 00002000 08:04 2242934                    /home/anthony/.ivy2/cache/org.webjars/webjars-locator/jars/webjars-locator-0.25.jar
7f15b476f000-7f15b4777000 r--s 0003e000 08:04 2654547                    /home/anthony/.ivy2/cache/scala_2.10/sbt_0.13/com.typesafe.sbt/sbt-web/jars/sbt-web-1.2.1.jar
7f15b4777000-7f15b47b7000 r--s 00277000 08:04 2785116                    /home/anthony/.ivy2/cache/org.bouncycastle/bcprov-jdk15on/jars/bcprov-jdk15on-1.51.jar
7f15b47b7000-7f15b47be000 r--s 00038000 08:04 2785064                    /home/anthony/.ivy2/cache/org.bouncycastle/bcpg-jdk15on/jars/bcpg-jdk15on-1.51.jar
7f15b47be000-7f15b47bf000 r--s 00004000 08:04 2785114                    /home/anthony/.ivy2/cache/org.apache.ant/ant-launcher/jars/ant-launcher-1.9.3.jar
7f15b47bf000-7f15b47de000 r--s 001cc000 08:04 2785062                    /home/anthony/.ivy2/cache/org.apache.ant/ant/jars/ant-1.9.3.jar
7f15b47de000-7f15b47e2000 r--s 00020000 08:04 2785080                    /home/anthony/.ivy2/cache/org.eclipse.aether/aether-impl/jars/aether-impl-0.9.0.M2.jar
7f15b47e2000-7f15b47e6000 r--s 0001d000 08:04 2785084                    /home/anthony/.ivy2/cache/org.eclipse.aether/aether-util/jars/aether-util-0.9.0.M2.jar
7f15b47e6000-7f15b47e8000 r--s 00003000 08:04 2785112                    /home/anthony/.ivy2/cache/org.eclipse.aether/aether-spi/jars/aether-spi-0.9.0.M2.jar
7f15b47e8000-7f15b47ec000 r--s 0001d000 08:04 2785082                    /home/anthony/.ivy2/cache/org.eclipse.aether/aether-api/jars/aether-api-0.9.0.M2.jar
7f15b47ec000-7f15b47ee000 r--s 0000e000 08:04 2785078                    /home/anthony/.ivy2/cache/org.apache.maven/maven-aether-provider/jars/maven-aether-provider-3.2.2.jar
7f15b47ee000-7f15b47f3000 r--s 00025000 08:04 2785076                    /home/anthony/.ivy2/cache/org.apache.maven/maven-model-builder/jars/maven-model-builder-3.2.2.jar
7f15b47f3000-7f15b47f6000 r--s 0000a000 08:04 2785092                    /home/anthony/.ivy2/cache/org.codehaus.plexus/plexus-classworlds/bundles/plexus-classworlds-2.5.1.jar
7f15b47f6000-7f15b47fc000 r--s 00042000 08:04 2785104                    /home/anthony/.ivy2/cache/org.eclipse.sisu/org.eclipse.sisu.inject/eclipse-plugins/org.eclipse.sisu.inject-0.0.0.M5.jar
7f15b47fc000-7f15b47fe000 r--s 00000000 08:04 2785110                    /home/anthony/.ivy2/cache/aopalliance/aopalliance/jars/aopalliance-1.0.jar
7f15b47fe000-7f15b480a000 r--s 00084000 08:04 2785361                    /home/anthony/.ivy2/cache/org.sonatype.sisu/sisu-guice/jars/sisu-guice-3.1.3.jar
7f15b480a000-7f15b480b000 r--s 00000000 08:04 2785108                    /home/anthony/.ivy2/cache/javax.inject/javax.inject/jars/javax.inject-1.jar
7f15b480b000-7f15b480c000 r--s 00001000 08:04 2785106                    /home/anthony/.ivy2/cache/javax.annotation/jsr250-api/jars/jsr250-api-1.0.jar
7f15b480c000-7f15b480f000 r--s 00008000 08:04 2785100                    /home/anthony/.ivy2/cache/javax.enterprise/cdi-api/jars/cdi-api-1.0.jar
7f15b480f000-7f15b4815000 r--s 0002a000 08:04 2785086                    /home/anthony/.ivy2/cache/org.eclipse.sisu/org.eclipse.sisu.plexus/eclipse-plugins/org.eclipse.sisu.plexus-0.0.0.M5.jar
7f15b4815000-7f15b4817000 r--s 0000a000 08:04 2785060                    /home/anthony/.ivy2/cache/org.apache.maven/maven-plugin-api/jars/maven-plugin-api-3.2.2.jar
7f15b4817000-7f15b481a000 r--s 0000b000 08:04 2785074                    /home/anthony/.ivy2/cache/org.apache.maven/maven-artifact/jars/maven-artifact-3.2.2.jar
7f15b481a000-7f15b481c000 r--s 00005000 08:04 2785072                    /home/anthony/.ivy2/cache/org.apache.maven/maven-repository-metadata/jars/maven-repository-metadata-3.2.2.jar
7f15b481c000-7f15b481e000 r--s 00002000 08:04 2785098                    /home/anthony/.ivy2/cache/org.sonatype.plexus/plexus-cipher/jars/plexus-cipher-1.7.jar
7f15b481e000-7f15b481f000 r--s 00006000 08:04 2785096                    /home/anthony/.ivy2/cache/org.sonatype.plexus/plexus-sec-dispatcher/jars/plexus-sec-dispatcher-1.3.jar
7f15b481f000-7f15b4821000 r--s 00000000 08:04 2785094                    /home/anthony/.ivy2/cache/org.codehaus.plexus/plexus-component-annotations/jars/plexus-component-annotations-1.5.5.jar
7f15b4821000-7f15b4824000 r--s 0000d000 08:04 2785088                    /home/anthony/.ivy2/cache/org.codehaus.plexus/plexus-interpolation/jars/plexus-interpolation-1.19.jar
7f15b4824000-7f15b4826000 r--s 00009000 08:04 2785070                    /home/anthony/.ivy2/cache/org.apache.maven/maven-settings-builder/jars/maven-settings-builder-3.2.2.jar
7f15b4826000-7f15b4828000 r--s 00009000 08:04 2785068                    /home/anthony/.ivy2/cache/org.apache.maven/maven-settings/jars/maven-settings-3.2.2.jar
7f15b4828000-7f15b482c000 r--s 0003a000 08:04 2785090                    /home/anthony/.ivy2/cache/org.codehaus.plexus/plexus-utils/jars/plexus-utils-3.0.17.jar
7f15b482c000-7f15b482f000 r--s 00025000 08:04 2785066                    /home/anthony/.ivy2/cache/org.apache.maven/maven-model/jars/maven-model-3.2.2.jar
7f15b482f000-7f15b483b000 r--s 00081000 08:04 2785058                    /home/anthony/.ivy2/cache/org.apache.maven/maven-core/jars/maven-core-3.2.2.jar
7f15b483b000-7f15b4851000 r--s 0010a000 08:04 2785056                    /home/anthony/.ivy2/cache/org.vafer/jdeb/jars/jdeb-1.3.jar
7f15b4851000-7f15b486a000 r--s 000e7000 08:04 2790089                    /home/anthony/.ivy2/cache/scala_2.10/sbt_0.13/com.typesafe.sbt/sbt-native-packager/jars/sbt-native-packager-1.0.1.jar
7f15b486a000-7f15b4872000 r--s 00041000 08:04 2790093                    /home/anthony/.ivy2/cache/com.typesafe.play/twirl-parser_2.10/jars/twirl-parser_2.10-1.1.1.jar
7f15b4872000-7f15b4875000 r--s 00019000 08:04 2790092                    /home/anthony/.ivy2/cache/com.typesafe.play/twirl-compiler_2.10/jars/twirl-compiler_2.10-1.1.1.jar
7f15b4875000-7f15b4878000 r--s 00011000 08:04 2790088                    /home/anthony/.ivy2/cache/scala_2.10/sbt_0.13/com.typesafe.sbt/sbt-twirl/jars/sbt-twirl-1.1.1.jar
7f15b4878000-7f15b487a000 r--s 000a0000 08:04 2790087                    /home/anthony/.ivy2/cache/net.contentobjects.jnotify/jnotify/jars/jnotify-0.94-play-1.jar
7f15b487a000-7f15b4888000 r--s 00191000 08:04 2790086                    /home/anthony/.ivy2/cache/com.h2database/h2/jars/h2-1.4.187.jar
7f15b4888000-7f15b48b3000 r--s 001fc000 08:04 1851544                    /home/anthony/.ivy2/cache/com.google.guava/guava/bundles/guava-18.0.jar
7f15b48b3000-7f15b48b8000 r--s 0003f000 08:04 1729921                    /home/anthony/.ivy2/cache/com.typesafe/config/bundles/config-1.3.0.jar
7f15b48b8000-7f15b48c1000 r--s 000ae000 08:04 1850220                    /home/anthony/.ivy2/cache/org.javassist/javassist/bundles/javassist-3.19.0-GA.jar
7f15b48c1000-7f15b48c3000 r--s 00000000 08:04 1729683                    /home/anthony/.ivy2/cache/com.typesafe.play/play-exceptions/jars/play-exceptions-2.4.1.jar
7f15b48c3000-7f15b48c4000 r--s 00000000 08:04 1853780                    /home/anthony/.ivy2/cache/com.typesafe.play/build-link/jars/build-link-2.4.1.jar
7f15b48c4000-7f15b48c8000 r--s 00021000 08:04 2790085                    /home/anthony/.ivy2/cache/com.typesafe.play/sbt-run-support_2.10/jars/sbt-run-support_2.10-2.4.1.jar
7f15b48c8000-7f15b48cc000 r--s 0002a000 08:04 1850207                    /home/anthony/.ivy2/cache/commons-io/commons-io/jars/commons-io-2.4.jar
7f15b48cc000-7f15b48dc000 r--s 00083000 08:04 2790084                    /home/anthony/.ivy2/cache/com.typesafe.play/routes-compiler_2.10/jars/routes-compiler_2.10-2.4.1.jar
7f15b48dc000-7f15b48e5000 r--s 00054000 08:04 2790078                    /home/anthony/.ivy2/cache/scala_2.10/sbt_0.13/com.typesafe.play/sbt-plugin/jars/sbt-plugin-2.4.1.jar
7f15b48e5000-7f15b4ae5000 rw-p 00000000 00:00 0 
7f15b4ae5000-7f15b4ce5000 rw-p 00000000 00:00 0 
7f15b4ce5000-7f15b4ee5000 rw-p 00000000 00:00 0 
7f15b4ee5000-7f15b50e5000 rw-p 00000000 00:00 0 
7f15b50e5000-7f15b50e8000 ---p 00000000 00:00 0 
7f15b50e8000-7f15b51e6000 rw-p 00000000 00:00 0 
7f15b51e6000-7f15b51e9000 ---p 00000000 00:00 0 
7f15b51e9000-7f15b52e7000 rw-p 00000000 00:00 0 
7f15b52e7000-7f15b52ea000 ---p 00000000 00:00 0 
7f15b52ea000-7f15b53e8000 rw-p 00000000 00:00 0 
7f15b53e8000-7f15b53eb000 ---p 00000000 00:00 0 
7f15b53eb000-7f15b54e9000 rw-p 00000000 00:00 0 
7f15b54e9000-7f15b54ec000 ---p 00000000 00:00 0 
7f15b54ec000-7f15b55ea000 rw-p 00000000 00:00 0 
7f15b55ea000-7f15b55ed000 ---p 00000000 00:00 0 
7f15b55ed000-7f15b58eb000 rw-p 00000000 00:00 0 
7f15b58eb000-7f15b5aeb000 rw-p 00000000 00:00 0 
7f15b5aeb000-7f15b5af6000 r--s 00116000 08:04 2912295                    /usr/lib/jvm/java-8-oracle/jre/lib/ext/localedata.jar
7f15b5af6000-7f15b5b12000 r--s 00393000 08:04 2912287                    /usr/lib/jvm/java-8-oracle/jre/lib/ext/cldrdata.jar
7f15b5b12000-7f15b5d12000 rw-p 00000000 00:00 0 
7f15b5d12000-7f15b5f12000 rw-p 00000000 00:00 0 
7f15b5f12000-7f15b6112000 rw-p 00000000 00:00 0 
7f15b6112000-7f15b6125000 r--s 00344000 08:04 2783469                    /usr/lib/jvm/java-8-oracle/jre/lib/resources.jar
7f15b6125000-7f15b6325000 rw-p 00000000 00:00 0 
7f15b6325000-7f15b6525000 rw-p 00000000 00:00 0 
7f15b6525000-7f15b6725000 rw-p 00000000 00:00 0 
7f15b6725000-7f15b6925000 rw-p 00000000 00:00 0 
7f15b6925000-7f15b699e000 r--s 010e7000 08:04 2389885                    /usr/lib/jvm/java-8-oracle/lib/tools.jar
7f15b699e000-7f15b6b9e000 rw-p 00000000 00:00 0 
7f15b6b9e000-7f15b6bbe000 r--s 001a4000 08:04 2242899                    /home/anthony/.sbt/boot/scala-2.10.4/org.scala-sbt/sbt/0.13.8/ivy-0.13.8.jar
7f15b6bbe000-7f15b6dbe000 rw-p 00000000 00:00 0 
7f15b6dbe000-7f15b6dc6000 r--s 00060000 08:04 2242905                    /home/anthony/.sbt/boot/scala-2.10.4/org.scala-sbt/sbt/0.13.8/collections-0.13.8.jar
7f15b6dc6000-7f15b6df2000 r--s 00235000 08:04 2242885                    /home/anthony/.sbt/boot/scala-2.10.4/org.scala-sbt/sbt/0.13.8/main-0.13.8.jar
7f15b6df2000-7f15b6eef000 r--s 00cca000 08:04 2393819                    /home/anthony/.sbt/boot/scala-2.10.4/lib/scala-compiler.jar
7f15b6eef000-7f15b6f00000 r-xp 00000000 08:04 3036709                    /usr/lib/jvm/java-8-oracle/jre/lib/amd64/libnio.so
7f15b6f00000-7f15b70ff000 ---p 00011000 08:04 3036709                    /usr/lib/jvm/java-8-oracle/jre/lib/amd64/libnio.so
7f15b70ff000-7f15b7100000 rw-p 00010000 08:04 3036709                    /usr/lib/jvm/java-8-oracle/jre/lib/amd64/libnio.so
7f15b7100000-7f15b7116000 r-xp 00000000 08:04 3036758                    /usr/lib/jvm/java-8-oracle/jre/lib/amd64/libnet.so
7f15b7116000-7f15b7316000 ---p 00016000 08:04 3036758                    /usr/lib/jvm/java-8-oracle/jre/lib/amd64/libnet.so
7f15b7316000-7f15b7317000 rw-p 00016000 08:04 3036758                    /usr/lib/jvm/java-8-oracle/jre/lib/amd64/libnet.so
7f15b7317000-7f15b7318000 ---p 00000000 00:00 0 
7f15b7318000-7f15b7418000 rw-p 00000000 00:00 0 
7f15b7418000-7f15b741b000 ---p 00000000 00:00 0 
7f15b741b000-7f15b7519000 rw-p 00000000 00:00 0 
7f15b7519000-7f15b751c000 ---p 00000000 00:00 0 
7f15b751c000-7f15b761a000 rw-p 00000000 00:00 0 
7f15b761a000-7f15b761d000 ---p 00000000 00:00 0 
7f15b761d000-7f15b771b000 rw-p 00000000 00:00 0 
7f15b771b000-7f15b771e000 ---p 00000000 00:00 0 
7f15b771e000-7f15b781c000 rw-p 00000000 00:00 0 
7f15b781c000-7f15b781f000 ---p 00000000 00:00 0 
7f15b781f000-7f15b791d000 rw-p 00000000 00:00 0 
7f15b791d000-7f15b8000000 r--p 00000000 08:04 2366550                    /usr/lib/locale/locale-archive
7f15b8000000-7f15b8021000 rw-p 00000000 00:00 0 
7f15b8021000-7f15bc000000 ---p 00000000 00:00 0 
7f15bc000000-7f15bc007000 r--s 00064000 08:04 1853779                    /home/anthony/.ivy2/cache/org.apache.commons/commons-lang3/jars/commons-lang3-3.4.jar
7f15bc007000-7f15bc00c000 r--s 00094000 08:04 2783442                    /usr/lib/jvm/java-8-oracle/jre/lib/jsse.jar
7f15bc00c000-7f15bc00e000 r--s 0000b000 08:04 2515976                    /home/anthony/.sbt/boot/scala-2.10.4/org.scala-sbt/sbt/0.13.8/xsbti/interface-0.13.8.jar
7f15bc00e000-7f15bc010000 r--s 00006000 08:04 2242895                    /home/anthony/.sbt/boot/scala-2.10.4/org.scala-sbt/sbt/0.13.8/relation-0.13.8.jar
7f15bc010000-7f15bc012000 r--s 00017000 08:04 2242900                    /home/anthony/.sbt/boot/scala-2.10.4/org.scala-sbt/sbt/0.13.8/testing-0.13.8.jar
7f15bc012000-7f15bc015000 r--s 0001d000 08:04 2242884                    /home/anthony/.sbt/boot/scala-2.10.4/org.scala-sbt/sbt/0.13.8/tasks-0.13.8.jar
7f15bc015000-7f15bc01b000 r--s 0003d000 08:04 2242882                    /home/anthony/.sbt/boot/scala-2.10.4/org.scala-sbt/sbt/0.13.8/io-0.13.8.jar
7f15bc01b000-7f15bc01e000 r--s 00018000 08:04 2242915                    /home/anthony/.sbt/boot/scala-2.10.4/org.scala-sbt/sbt/0.13.8/logging-0.13.8.jar
7f15bc01e000-7f15bc025000 r--s 00049000 08:04 2242888                    /home/anthony/.sbt/boot/scala-2.10.4/org.scala-sbt/sbt/0.13.8/api-0.13.8.jar
7f15bc025000-7f15bc028000 r--s 0001a000 08:04 2242879                    /home/anthony/.sbt/boot/scala-2.10.4/org.scala-sbt/sbt/0.13.8/cache-0.13.8.jar
7f15bc028000-7f15bc037000 r--s 000bb000 08:04 2242918                    /home/anthony/.sbt/boot/scala-2.10.4/org.scala-sbt/sbt/0.13.8/scala-pickling_2.10-0.10.0.jar
7f15bc037000-7f15bc03a000 r--s 00012000 08:04 2242891                    /home/anthony/.sbt/boot/scala-2.10.4/org.scala-sbt/sbt/0.13.8/classfile-0.13.8.jar
7f15bc03a000-7f15bc03c000 r--s 00002000 08:04 2242892                    /home/anthony/.sbt/boot/scala-2.10.4/org.scala-sbt/sbt/0.13.8/test-interface-1.0.jar
7f15bc03c000-7f15bc041000 r--s 00036000 08:04 2242889                    /home/anthony/.sbt/boot/scala-2.10.4/org.scala-sbt/sbt/0.13.8/compile-0.13.8.jar
7f15bc041000-7f15bc042000 r--s 00001000 08:04 2242878                    /home/anthony/.sbt/boot/scala-2.10.4/org.scala-sbt/sbt/0.13.8/cross-0.13.8.jar
7f15bc042000-7f15bc049000 r--s 0004b000 08:04 2242908                    /home/anthony/.sbt/boot/scala-2.10.4/org.scala-sbt/sbt/0.13.8/serialization_2.10-0.1.1.jar
7f15bc049000-7f15bc051000 r--s 00057000 08:04 2242881                    /home/anthony/.sbt/boot/scala-2.10.4/org.scala-sbt/sbt/0.13.8/completion-0.13.8.jar
7f15bc051000-7f15bc087000 r--s 002d9000 08:04 2242909                    /home/anthony/.sbt/boot/scala-2.10.4/org.scala-sbt/sbt/0.13.8/scala-reflect-2.10.4.jar
7f15bc087000-7f15bc08a000 r--s 00013000 08:04 2242877                    /home/anthony/.sbt/boot/scala-2.10.4/org.scala-sbt/sbt/0.13.8/classpath-0.13.8.jar
7f15bc08a000-7f15bc08d000 r--s 0001d000 08:04 2242913                    /home/anthony/.sbt/boot/scala-2.10.4/org.scala-sbt/sbt/0.13.8/task-system-0.13.8.jar
7f15bc08d000-7f15bc08e000 r--s 00005000 08:04 2242914                    /home/anthony/.sbt/boot/scala-2.10.4/org.scala-sbt/sbt/0.13.8/test-agent-0.13.8.jar
7f15bc08e000-7f15bc098000 r--s 0006e000 08:04 2242912                    /home/anthony/.sbt/boot/scala-2.10.4/org.scala-sbt/sbt/0.13.8/incremental-compiler-0.13.8.jar
7f15bc098000-7f15bc09a000 r--s 00007000 08:04 2242903                    /home/anthony/.sbt/boot/scala-2.10.4/org.scala-sbt/sbt/0.13.8/paranamer-2.6.jar
7f15bc09a000-7f15bc0a4000 r--s 00092000 08:04 2242890                    /home/anthony/.sbt/boot/scala-2.10.4/org.scala-sbt/sbt/0.13.8/main-settings-0.13.8.jar
7f15bc0a4000-7f15bc0a9000 r--s 00024000 08:04 2242911                    /home/anthony/.sbt/boot/scala-2.10.4/org.scala-sbt/sbt/0.13.8/persist-0.13.8.jar
7f15bc0a9000-7f15bc0b5000 r--s 000a4000 08:04 2242898                    /home/anthony/.sbt/boot/scala-2.10.4/org.scala-sbt/sbt/0.13.8/quasiquotes_2.10-2.0.1.jar
7f15bc0b5000-7f15bc0b8000 r--s 0001c000 08:04 2242896                    /home/anthony/.sbt/boot/scala-2.10.4/org.scala-sbt/sbt/0.13.8/compiler-integration-0.13.8.jar
7f15bc0b8000-7f15bc0bb000 r--s 0001e000 08:04 2242919                    /home/anthony/.sbt/boot/scala-2.10.4/org.scala-sbt/sbt/0.13.8/run-0.13.8.jar
7f15bc0bb000-7f15bc0c0000 r--s 00036000 08:04 2242897                    /home/anthony/.sbt/boot/scala-2.10.4/org.scala-sbt/sbt/0.13.8/command-0.13.8.jar
7f15bc0c0000-7f15bc0c4000 r--s 00034000 08:04 2242917                    /home/anthony/.sbt/boot/scala-2.10.4/org.scala-sbt/sbt/0.13.8/jsch-0.1.46.jar
7f15bc0c4000-7f15bc0c6000 r--s 00014000 08:04 2242901                    /home/anthony/.sbt/boot/scala-2.10.4/org.scala-sbt/sbt/0.13.8/apply-macro-0.13.8.jar
7f15bc0c6000-7f15bc0c9000 r--s 00030000 08:04 2242916                    /home/anthony/.sbt/boot/scala-2.10.4/org.scala-sbt/sbt/0.13.8/jline-2.11.jar
7f15bc0c9000-7f15bc0cd000 r--s 00022000 08:04 2242902                    /home/anthony/.sbt/boot/scala-2.10.4/org.scala-sbt/sbt/0.13.8/sbinary_2.10-0.4.2.jar
7f15bc0cd000-7f15bc0d7000 r--s 00085000 08:04 2242894                    /home/anthony/.sbt/boot/scala-2.10.4/org.scala-sbt/sbt/0.13.8/json4s-core_2.10-3.2.10.jar
7f15bc0d7000-7f15bc0ed000 r--s 00100000 08:04 2242906                    /home/anthony/.sbt/boot/scala-2.10.4/org.scala-sbt/sbt/0.13.8/ivy-2.3.0-sbt-fccfbd44c9f64523b61398a0155784dcbaeae28f.jar
7f15bc0ed000-7f15bc0f0000 ---p 00000000 00:00 0 
7f15bc0f0000-7f15bc1ee000 rw-p 00000000 00:00 0 
7f15bc1ee000-7f15bc1f1000 ---p 00000000 00:00 0 
7f15bc1f1000-7f15bc2ef000 rw-p 00000000 00:00 0 
7f15bc2ef000-7f15bc2f0000 ---p 00000000 00:00 0 
7f15bc2f0000-7f15bd2ff000 rw-p 00000000 00:00 0 
7f15bd2ff000-7f15bd4d8000 r--s 03d09000 08:04 2783447                    /usr/lib/jvm/java-8-oracle/jre/lib/rt.jar
7f15bd4d8000-7f15bf729000 rw-p 00000000 00:00 0 
7f15bf729000-7f15bf72a000 ---p 00000000 00:00 0 
7f15bf72a000-7f15bf82a000 rw-p 00000000 00:00 0 
7f15bf82a000-7f15bf82b000 ---p 00000000 00:00 0 
7f15bf82b000-7f15bf92b000 rw-p 00000000 00:00 0 
7f15bf92b000-7f15bf92c000 ---p 00000000 00:00 0 
7f15bf92c000-7f15bfa2c000 rw-p 00000000 00:00 0 
7f15bfa2c000-7f15bfa2d000 ---p 00000000 00:00 0 
7f15bfa2d000-7f15bfb42000 rw-p 00000000 00:00 0 
7f15bfb42000-7f15bfc2d000 ---p 00000000 00:00 0 
7f15bfc2d000-7f15bfc42000 rw-p 00000000 00:00 0 
7f15bfc42000-7f15bfd2d000 ---p 00000000 00:00 0 
7f15bfd2d000-7f15bfd71000 rw-p 00000000 00:00 0 
7f15bfd71000-7f15bfdad000 ---p 00000000 00:00 0 
7f15bfdad000-7f15bfdff000 rw-p 00000000 00:00 0 
7f15bfdff000-7f15c016e000 ---p 00000000 00:00 0 
7f15c016e000-7f15c157e000 rwxp 00000000 00:00 0 
7f15c157e000-7f15cf16e000 ---p 00000000 00:00 0 
7f15cf16e000-7f15cf188000 r-xp 00000000 08:04 3036756                    /usr/lib/jvm/java-8-oracle/jre/lib/amd64/libzip.so
7f15cf188000-7f15cf388000 ---p 0001a000 08:04 3036756                    /usr/lib/jvm/java-8-oracle/jre/lib/amd64/libzip.so
7f15cf388000-7f15cf389000 rw-p 0001a000 08:04 3036756                    /usr/lib/jvm/java-8-oracle/jre/lib/amd64/libzip.so
7f15cf389000-7f15cf395000 r-xp 00000000 08:04 670707                     /lib/x86_64-linux-gnu/libnss_files-2.15.so
7f15cf395000-7f15cf594000 ---p 0000c000 08:04 670707                     /lib/x86_64-linux-gnu/libnss_files-2.15.so
7f15cf594000-7f15cf595000 r--p 0000b000 08:04 670707                     /lib/x86_64-linux-gnu/libnss_files-2.15.so
7f15cf595000-7f15cf596000 rw-p 0000c000 08:04 670707                     /lib/x86_64-linux-gnu/libnss_files-2.15.so
7f15cf596000-7f15cf5a0000 r-xp 00000000 08:04 670697                     /lib/x86_64-linux-gnu/libnss_nis-2.15.so
7f15cf5a0000-7f15cf7a0000 ---p 0000a000 08:04 670697                     /lib/x86_64-linux-gnu/libnss_nis-2.15.so
7f15cf7a0000-7f15cf7a1000 r--p 0000a000 08:04 670697                     /lib/x86_64-linux-gnu/libnss_nis-2.15.so
7f15cf7a1000-7f15cf7a2000 rw-p 0000b000 08:04 670697                     /lib/x86_64-linux-gnu/libnss_nis-2.15.so
7f15cf7a2000-7f15cf7b9000 r-xp 00000000 08:04 670716                     /lib/x86_64-linux-gnu/libnsl-2.15.so
7f15cf7b9000-7f15cf9b8000 ---p 00017000 08:04 670716                     /lib/x86_64-linux-gnu/libnsl-2.15.so
7f15cf9b8000-7f15cf9b9000 r--p 00016000 08:04 670716                     /lib/x86_64-linux-gnu/libnsl-2.15.so
7f15cf9b9000-7f15cf9ba000 rw-p 00017000 08:04 670716                     /lib/x86_64-linux-gnu/libnsl-2.15.so
7f15cf9ba000-7f15cf9bc000 rw-p 00000000 00:00 0 
7f15cf9bc000-7f15cf9c4000 r-xp 00000000 08:04 670717                     /lib/x86_64-linux-gnu/libnss_compat-2.15.so
7f15cf9c4000-7f15cfbc3000 ---p 00008000 08:04 670717                     /lib/x86_64-linux-gnu/libnss_compat-2.15.so
7f15cfbc3000-7f15cfbc4000 r--p 00007000 08:04 670717                     /lib/x86_64-linux-gnu/libnss_compat-2.15.so
7f15cfbc4000-7f15cfbc5000 rw-p 00008000 08:04 670717                     /lib/x86_64-linux-gnu/libnss_compat-2.15.so
7f15cfbc5000-7f15cfbef000 r-xp 00000000 08:04 3036730                    /usr/lib/jvm/java-8-oracle/jre/lib/amd64/libjava.so
7f15cfbef000-7f15cfdef000 ---p 0002a000 08:04 3036730                    /usr/lib/jvm/java-8-oracle/jre/lib/amd64/libjava.so
7f15cfdef000-7f15cfdf1000 rw-p 0002a000 08:04 3036730                    /usr/lib/jvm/java-8-oracle/jre/lib/amd64/libjava.so
7f15cfdf1000-7f15cfdfe000 r-xp 00000000 08:04 3036705                    /usr/lib/jvm/java-8-oracle/jre/lib/amd64/libverify.so
7f15cfdfe000-7f15cfffe000 ---p 0000d000 08:04 3036705                    /usr/lib/jvm/java-8-oracle/jre/lib/amd64/libverify.so
7f15cfffe000-7f15d0000000 rw-p 0000d000 08:04 3036705                    /usr/lib/jvm/java-8-oracle/jre/lib/amd64/libverify.so
7f15d0000000-7f15d18b3000 rw-p 00000000 00:00 0 
7f15d18b3000-7f15d4000000 ---p 00000000 00:00 0 
7f15d4000000-7f15d4002000 r--s 0000d000 08:04 2790091                    /home/anthony/.ivy2/cache/com.typesafe.play/twirl-api_2.10/jars/twirl-api_2.10-1.1.1.jar
7f15d4002000-7f15d4004000 r--s 00001000 08:04 2242907                    /home/anthony/.sbt/boot/scala-2.10.4/org.scala-sbt/sbt/0.13.8/launcher-interface-0.13.8.jar
7f15d4004000-7f15d4006000 r--s 0000e000 08:04 2242920                    /home/anthony/.sbt/boot/scala-2.10.4/org.scala-sbt/sbt/0.13.8/logic-0.13.8.jar
7f15d4006000-7f15d4008000 r--s 00001000 08:04 2242883                    /home/anthony/.sbt/boot/scala-2.10.4/org.scala-sbt/sbt/0.13.8/compiler-ivy-integration-0.13.8.jar
7f15d4008000-7f15d403e000 r--s 002d9000 08:04 2393818                    /home/anthony/.sbt/boot/scala-2.10.4/lib/scala-reflect.jar
7f15d403e000-7f15d4045000 r-xp 00000000 08:04 670709                     /lib/x86_64-linux-gnu/librt-2.15.so
7f15d4045000-7f15d4244000 ---p 00007000 08:04 670709                     /lib/x86_64-linux-gnu/librt-2.15.so
7f15d4244000-7f15d4245000 r--p 00006000 08:04 670709                     /lib/x86_64-linux-gnu/librt-2.15.so
7f15d4245000-7f15d4246000 rw-p 00007000 08:04 670709                     /lib/x86_64-linux-gnu/librt-2.15.so
7f15d4246000-7f15d4341000 r-xp 00000000 08:04 670704                     /lib/x86_64-linux-gnu/libm-2.15.so
7f15d4341000-7f15d4540000 ---p 000fb000 08:04 670704                     /lib/x86_64-linux-gnu/libm-2.15.so
7f15d4540000-7f15d4541000 r--p 000fa000 08:04 670704                     /lib/x86_64-linux-gnu/libm-2.15.so
7f15d4541000-7f15d4542000 rw-p 000fb000 08:04 670704                     /lib/x86_64-linux-gnu/libm-2.15.so
7f15d4542000-7f15d51f0000 r-xp 00000000 08:04 3036704                    /usr/lib/jvm/java-8-oracle/jre/lib/amd64/server/libjvm.so
7f15d51f0000-7f15d53ef000 ---p 00cae000 08:04 3036704                    /usr/lib/jvm/java-8-oracle/jre/lib/amd64/server/libjvm.so
7f15d53ef000-7f15d54c6000 rw-p 00cad000 08:04 3036704                    /usr/lib/jvm/java-8-oracle/jre/lib/amd64/server/libjvm.so
7f15d54c6000-7f15d550a000 rw-p 00000000 00:00 0 
7f15d550a000-7f15d56be000 r-xp 00000000 08:04 670715                     /lib/x86_64-linux-gnu/libc-2.15.so
7f15d56be000-7f15d58bd000 ---p 001b4000 08:04 670715                     /lib/x86_64-linux-gnu/libc-2.15.so
7f15d58bd000-7f15d58c1000 r--p 001b3000 08:04 670715                     /lib/x86_64-linux-gnu/libc-2.15.so
7f15d58c1000-7f15d58c3000 rw-p 001b7000 08:04 670715                     /lib/x86_64-linux-gnu/libc-2.15.so
7f15d58c3000-7f15d58c8000 rw-p 00000000 00:00 0 
7f15d58c8000-7f15d58ca000 r-xp 00000000 08:04 670719                     /lib/x86_64-linux-gnu/libdl-2.15.so
7f15d58ca000-7f15d5aca000 ---p 00002000 08:04 670719                     /lib/x86_64-linux-gnu/libdl-2.15.so
7f15d5aca000-7f15d5acb000 r--p 00002000 08:04 670719                     /lib/x86_64-linux-gnu/libdl-2.15.so
7f15d5acb000-7f15d5acc000 rw-p 00003000 08:04 670719                     /lib/x86_64-linux-gnu/libdl-2.15.so
7f15d5acc000-7f15d5ae1000 r-xp 00000000 08:04 2512123                    /usr/lib/jvm/java-8-oracle/lib/amd64/jli/libjli.so
7f15d5ae1000-7f15d5ce1000 ---p 00015000 08:04 2512123                    /usr/lib/jvm/java-8-oracle/lib/amd64/jli/libjli.so
7f15d5ce1000-7f15d5ce2000 rw-p 00015000 08:04 2512123                    /usr/lib/jvm/java-8-oracle/lib/amd64/jli/libjli.so
7f15d5ce2000-7f15d5cfa000 r-xp 00000000 08:04 670706                     /lib/x86_64-linux-gnu/libpthread-2.15.so
7f15d5cfa000-7f15d5ef9000 ---p 00018000 08:04 670706                     /lib/x86_64-linux-gnu/libpthread-2.15.so
7f15d5ef9000-7f15d5efa000 r--p 00017000 08:04 670706                     /lib/x86_64-linux-gnu/libpthread-2.15.so
7f15d5efa000-7f15d5efb000 rw-p 00018000 08:04 670706                     /lib/x86_64-linux-gnu/libpthread-2.15.so
7f15d5efb000-7f15d5eff000 rw-p 00000000 00:00 0 
7f15d5eff000-7f15d5f21000 r-xp 00000000 08:04 670708                     /lib/x86_64-linux-gnu/ld-2.15.so
7f15d5f21000-7f15d5f22000 r--s 00005000 08:04 2242887                    /home/anthony/.sbt/boot/scala-2.10.4/org.scala-sbt/sbt/0.13.8/sbt-0.13.8.jar
7f15d5f22000-7f15d5f24000 r--s 0000b000 08:04 2242880                    /home/anthony/.sbt/boot/scala-2.10.4/org.scala-sbt/sbt/0.13.8/tracking-0.13.8.jar
7f15d5f24000-7f15d5f26000 r--s 00002000 08:04 2242910                    /home/anthony/.sbt/boot/scala-2.10.4/org.scala-sbt/sbt/0.13.8/control-0.13.8.jar
7f15d5f26000-7f15d5f2f000 r--s 0006e000 08:04 2242874                    /home/anthony/.sbt/boot/scala-2.10.4/org.scala-sbt/sbt/0.13.8/actions-0.13.8.jar
7f15d5f2f000-7f15d5f31000 r--s 00012000 08:04 2242886                    /home/anthony/.sbt/boot/scala-2.10.4/org.scala-sbt/sbt/0.13.8/jawn-parser_2.10-0.6.0.jar
7f15d5f31000-7f15d5f35000 r--s 0001b000 08:04 2242893                    /home/anthony/.sbt/boot/scala-2.10.4/org.scala-sbt/sbt/0.13.8/process-0.13.8.jar
7f15d5f35000-7f15d5f36000 r--s 00001000 08:04 2242904                    /home/anthony/.sbt/boot/scala-2.10.4/org.scala-sbt/sbt/0.13.8/json4s-support_2.10-0.6.0.jar
7f15d5f36000-7f15d5f38000 r--s 00013000 08:04 2242921                    /home/anthony/.sbt/boot/scala-2.10.4/org.scala-sbt/sbt/0.13.8/json4s-ast_2.10-3.2.10.jar
7f15d5f38000-7f15d5faa000 r--s 0065a000 08:04 2393820                    /home/anthony/.sbt/boot/scala-2.10.4/lib/scala-library.jar
7f15d5faa000-7f15d5fad000 r--s 00018000 08:04 2393817                    /home/anthony/.sbt/boot/scala-2.10.4/lib/jansi.jar
7f15d5fad000-7f15d5ffc000 rw-p 00000000 00:00 0 
7f15d5ffc000-7f15d5fff000 ---p 00000000 00:00 0 
7f15d5fff000-7f15d6101000 rw-p 00000000 00:00 0 
7f15d6101000-7f15d6102000 r--s 00001000 08:04 2785186                    /home/anthony/.ivy2/cache/org.webjars/diff/jars/diff-1.0.7.jar
7f15d6102000-7f15d6106000 r--s 00025000 08:04 2393821                    /home/anthony/.sbt/boot/scala-2.10.4/lib/jline.jar
7f15d6106000-7f15d6115000 rw-p 00000000 00:00 0 
7f15d6115000-7f15d611d000 rw-s 00000000 08:04 3041131                    /tmp/hsperfdata_anthony/26038
7f15d611d000-7f15d611e000 rw-p 00000000 00:00 0 
7f15d611e000-7f15d611f000 ---p 00000000 00:00 0 
7f15d611f000-7f15d6121000 rw-p 00000000 00:00 0 
7f15d6121000-7f15d6122000 r--p 00022000 08:04 670708                     /lib/x86_64-linux-gnu/ld-2.15.so
7f15d6122000-7f15d6124000 rw-p 00023000 08:04 670708                     /lib/x86_64-linux-gnu/ld-2.15.so
7fffb6b85000-7fffb6ba6000 rw-p 00000000 00:00 0                          [stack]
7fffb6bff000-7fffb6c00000 r-xp 00000000 00:00 0                          [vdso]
ffffffffff600000-ffffffffff601000 r-xp 00000000 00:00 0                  [vsyscall]

VM Arguments:
jvm_args: -Djline.terminal=jline.UnsupportedTerminal -Dsbt.log.noformat=true -Xmx768M -XX:MaxPermSize=384M 
java_command: /home/anthony/.IntelliJIdea14/config/plugins/Scala/launcher/sbt-launch.jar < /tmp/sbt-commands0.lst
java_class_path (initial): /home/anthony/.IntelliJIdea14/config/plugins/Scala/launcher/sbt-launch.jar
Launcher Type: SUN_STANDARD

Environment Variables:
CLASSPATH=/opt/idea-IU-139.224.1/bin/../lib/bootstrap.jar:/opt/idea-IU-139.224.1/bin/../lib/extensions.jar:/opt/idea-IU-139.224.1/bin/../lib/util.jar:/opt/idea-IU-139.224.1/bin/../lib/jdom.jar:/opt/idea-IU-139.224.1/bin/../lib/log4j.jar:/opt/idea-IU-139.224.1/bin/../lib/trove4j.jar:/opt/idea-IU-139.224.1/bin/../lib/jna.jar:/usr/lib/jvm/java-8-oracle/lib/tools.jar
PATH=/usr/local/bin:/usr/bin:/bin:/usr/games
USERNAME=anthony
LD_LIBRARY_PATH=/opt/idea-IU-139.224.1/bin:
SHELL=/bin/bash
DISPLAY=:0

Signal Handlers:
SIGSEGV: [libjvm.so+0xaad1e0], sa_mask[0]=11111111011111111101111111111110, sa_flags=SA_RESTART|SA_SIGINFO
SIGBUS: [libjvm.so+0xaad1e0], sa_mask[0]=11111111011111111101111111111110, sa_flags=SA_RESTART|SA_SIGINFO
SIGFPE: [libjvm.so+0x90b450], sa_mask[0]=11111111011111111101111111111110, sa_flags=SA_RESTART|SA_SIGINFO
SIGPIPE: [libjvm.so+0x90b450], sa_mask[0]=11111111011111111101111111111110, sa_flags=SA_RESTART|SA_SIGINFO
SIGXFSZ: [libjvm.so+0x90b450], sa_mask[0]=11111111011111111101111111111110, sa_flags=SA_RESTART|SA_SIGINFO
SIGILL: [libjvm.so+0x90b450], sa_mask[0]=11111111011111111101111111111110, sa_flags=SA_RESTART|SA_SIGINFO
SIGUSR1: SIG_DFL, sa_mask[0]=00000000000000000000000000000000, sa_flags=none
SIGUSR2: [libjvm.so+0x90ca90], sa_mask[0]=00100000000000000000000000000000, sa_flags=SA_RESTART|SA_SIGINFO
SIGHUP: [libjvm.so+0x90dde0], sa_mask[0]=11111111011111111101111111111110, sa_flags=SA_RESTART|SA_SIGINFO
SIGINT: [libjvm.so+0x90dde0], sa_mask[0]=11111111011111111101111111111110, sa_flags=SA_RESTART|SA_SIGINFO
SIGTERM: [libjvm.so+0x90dde0], sa_mask[0]=11111111011111111101111111111110, sa_flags=SA_RESTART|SA_SIGINFO
SIGQUIT: [libjvm.so+0x90dde0], sa_mask[0]=11111111011111111101111111111110, sa_flags=SA_RESTART|SA_SIGINFO


---------------  S Y S T E M  ---------------

OS:DISTRIB_ID=Ubuntu
DISTRIB_RELEASE=12.04
DISTRIB_CODENAME=precise
DISTRIB_DESCRIPTION="Ubuntu 12.04.5 LTS"

uname:Linux 3.2.0-31-generic #50-Ubuntu SMP Fri Sep 7 16:16:45 UTC 2012 x86_64
libc:glibc 2.15 NPTL 2.15 
rlimit: STACK 8192k, CORE 0k, NPROC 30787, NOFILE 4096, AS infinity
load average:8.06 6.19 3.97

/proc/meminfo:
MemTotal:        3958448 kB
MemFree:           93968 kB
Buffers:             276 kB
Cached:           215544 kB
SwapCached:            0 kB
Active:          3514920 kB
Inactive:         176444 kB
Active(anon):    3498160 kB
Inactive(anon):   162188 kB
Active(file):      16760 kB
Inactive(file):    14256 kB
Unevictable:         316 kB
Mlocked:             316 kB
SwapTotal:             0 kB
SwapFree:              0 kB
Dirty:              1180 kB
Writeback:             0 kB
AnonPages:       3476116 kB
Mapped:            27520 kB
Shmem:            184592 kB
Slab:              66004 kB
SReclaimable:      28388 kB
SUnreclaim:        37616 kB
KernelStack:        4944 kB
PageTables:        34716 kB
NFS_Unstable:          0 kB
Bounce:                0 kB
WritebackTmp:          0 kB
CommitLimit:     1979224 kB
Committed_AS:    6417232 kB
VmallocTotal:   34359738367 kB
VmallocUsed:      359136 kB
VmallocChunk:   34359342588 kB
HardwareCorrupted:     0 kB
AnonHugePages:         0 kB
HugePages_Total:       0
HugePages_Free:        0
HugePages_Rsvd:        0
HugePages_Surp:        0
Hugepagesize:       2048 kB
DirectMap4k:       83956 kB
DirectMap2M:     4026368 kB


CPU:total 4 (2 cores per cpu, 2 threads per core) family 6 model 42 stepping 7, cmov, cx8, fxsr, mmx, sse, sse2, sse3, ssse3, sse4.1, sse4.2, popcnt, avx, clmul, ht, tsc, tscinvbit

/proc/cpuinfo:
processor	: 0
vendor_id	: GenuineIntel
cpu family	: 6
model		: 42
model name	: Intel(R) Core(TM) i3-2310M CPU @ 2.10GHz
stepping	: 7
microcode	: 0x6
cpu MHz		: 2100.000
cache size	: 3072 KB
physical id	: 0
siblings	: 4
core id		: 0
cpu cores	: 2
apicid		: 0
initial apicid	: 0
fpu		: yes
fpu_exception	: yes
cpuid level	: 13
wp		: yes
flags		: fpu vme de pse tsc msr pae mce cx8 apic sep mtrr pge mca cmov pat pse36 clflush dts acpi mmx fxsr sse sse2 ss ht tm pbe syscall nx rdtscp lm constant_tsc arch_perfmon pebs bts rep_good nopl xtopology nonstop_tsc aperfmperf pni pclmulqdq dtes64 monitor ds_cpl vmx est tm2 ssse3 cx16 xtpr pdcm pcid sse4_1 sse4_2 x2apic popcnt tsc_deadline_timer xsave avx lahf_lm arat epb xsaveopt pln pts dtherm tpr_shadow vnmi flexpriority ept vpid
bogomips	: 4190.67
clflush size	: 64
cache_alignment	: 64
address sizes	: 36 bits physical, 48 bits virtual
power management:

processor	: 1
vendor_id	: GenuineIntel
cpu family	: 6
model		: 42
model name	: Intel(R) Core(TM) i3-2310M CPU @ 2.10GHz
stepping	: 7
microcode	: 0x6
cpu MHz		: 2100.000
cache size	: 3072 KB
physical id	: 0
siblings	: 4
core id		: 1
cpu cores	: 2
apicid		: 2
initial apicid	: 2
fpu		: yes
fpu_exception	: yes
cpuid level	: 13
wp		: yes
flags		: fpu vme de pse tsc msr pae mce cx8 apic sep mtrr pge mca cmov pat pse36 clflush dts acpi mmx fxsr sse sse2 ss ht tm pbe syscall nx rdtscp lm constant_tsc arch_perfmon pebs bts rep_good nopl xtopology nonstop_tsc aperfmperf pni pclmulqdq dtes64 monitor ds_cpl vmx est tm2 ssse3 cx16 xtpr pdcm pcid sse4_1 sse4_2 x2apic popcnt tsc_deadline_timer xsave avx lahf_lm arat epb xsaveopt pln pts dtherm tpr_shadow vnmi flexpriority ept vpid
bogomips	: 4190.45
clflush size	: 64
cache_alignment	: 64
address sizes	: 36 bits physical, 48 bits virtual
power management:

processor	: 2
vendor_id	: GenuineIntel
cpu family	: 6
model		: 42
model name	: Intel(R) Core(TM) i3-2310M CPU @ 2.10GHz
stepping	: 7
microcode	: 0x6
cpu MHz		: 2100.000
cache size	: 3072 KB
physical id	: 0
siblings	: 4
core id		: 0
cpu cores	: 2
apicid		: 1
initial apicid	: 1
fpu		: yes
fpu_exception	: yes
cpuid level	: 13
wp		: yes
flags		: fpu vme de pse tsc msr pae mce cx8 apic sep mtrr pge mca cmov pat pse36 clflush dts acpi mmx fxsr sse sse2 ss ht tm pbe syscall nx rdtscp lm constant_tsc arch_perfmon pebs bts rep_good nopl xtopology nonstop_tsc aperfmperf pni pclmulqdq dtes64 monitor ds_cpl vmx est tm2 ssse3 cx16 xtpr pdcm pcid sse4_1 sse4_2 x2apic popcnt tsc_deadline_timer xsave avx lahf_lm arat epb xsaveopt pln pts dtherm tpr_shadow vnmi flexpriority ept vpid
bogomips	: 4190.46
clflush size	: 64
cache_alignment	: 64
address sizes	: 36 bits physical, 48 bits virtual
power management:

processor	: 3
vendor_id	: GenuineIntel
cpu family	: 6
model		: 42
model name	: Intel(R) Core(TM) i3-2310M CPU @ 2.10GHz
stepping	: 7
microcode	: 0x6
cpu MHz		: 2100.000
cache size	: 3072 KB
physical id	: 0
siblings	: 4
core id		: 1
cpu cores	: 2
apicid		: 3
initial apicid	: 3
fpu		: yes
fpu_exception	: yes
cpuid level	: 13
wp		: yes
flags		: fpu vme de pse tsc msr pae mce cx8 apic sep mtrr pge mca cmov pat pse36 clflush dts acpi mmx fxsr sse sse2 ss ht tm pbe syscall nx rdtscp lm constant_tsc arch_perfmon pebs bts rep_good nopl xtopology nonstop_tsc aperfmperf pni pclmulqdq dtes64 monitor ds_cpl vmx est tm2 ssse3 cx16 xtpr pdcm pcid sse4_1 sse4_2 x2apic popcnt tsc_deadline_timer xsave avx lahf_lm arat epb xsaveopt pln pts dtherm tpr_shadow vnmi flexpriority ept vpid
bogomips	: 4190.47
clflush size	: 64
cache_alignment	: 64
address sizes	: 36 bits physical, 48 bits virtual
power management:



Memory: 4k page, physical 3958448k(93968k free), swap 0k(0k free)

vm_info: Java HotSpot(TM) 64-Bit Server VM (25.45-b02) for linux-amd64 JRE (1.8.0_45-b14), built on Apr 10 2015 10:07:45 by "java_re" with gcc 4.3.0 20080428 (Red Hat 4.3.0-8)

time: Tue Jun 23 16:41:11 2015
elapsed time: 163 seconds (0d 0h 2m 43s)

